

2018-09-02 00:17:20.806: NEW SESSION: Linux-2.6.32-642.6.2.el6.centos.plus.x86_64-x86_64-with-centos-6.8-Final x86_64, Python 2.7.15 |Anaconda, Inc.| (default, May  1 2018, 23:32:55) 
[GCC 7.2.0]
2018-09-02 00:17:20.808: VERSIONS: numpy:1.14.3, scipy:1.1.0, sympy:1.0, mpmath:1.0.0, matplotlib:2.2.2, yaml:3.12, tabulate:0.8.2, channelutil:1.0.1, matfuncutil:1.0.1, parsmat:1.0.1, pynumutil:1.0.1, pynumwrap:1.1.0, stelempy:1.0.1, tisutil:1.0.1, twochanradialwell:1.0.1, ukrmolmatreader:1.0.1, reskit:1.0.2

2018-09-02 00:17:20.811: get_elastic_Fins([2, 4, 6, 8, 10, 12, 14, 16, 18, 20, 22, 24, 26, 28, 30, 32, 34, 36, 38, 40])

2018-09-02 00:17:20.813: get_elastic_Fin(2)
2018-09-02 00:17:20.818:   Calculating for Npts=2,slice:((0, 1200, 1199), (1.0, 8.0))
2018-09-02 00:17:20.852:   Coefficients calculated
2018-09-02 00:17:20.866:   Coeffs saved to: results/radwell/mpmath_100/(1e+00,8e+00,1200)/mcsmatfit/coeffs/test_configuration_1/Npts=2_S=0_E=1199
2018-09-02 00:17:20.901:   cfin calculated
2018-09-02 00:17:20.903: get_elastic_Fin end

2018-09-02 00:17:20.905: get_elastic_Fin(4)
2018-09-02 00:17:20.910:   Calculating for Npts=4,slice:((0, 1198, 399), (1.0, 7.9883236030025015))
2018-09-02 00:17:22.997:   Coefficients calculated
2018-09-02 00:17:23.015:   Coeffs saved to: results/radwell/mpmath_100/(1e+00,8e+00,1200)/mcsmatfit/coeffs/test_configuration_1/Npts=4_S=0_E=1197
2018-09-02 00:17:23.061:   cfin calculated
2018-09-02 00:17:23.063: get_elastic_Fin end

2018-09-02 00:17:23.064: get_elastic_Fin(6)
2018-09-02 00:17:23.068:   Calculating for Npts=6,slice:((0, 1196, 239), (1.0, 7.976647206005004))
2018-09-02 00:17:26.552:   Coefficients calculated
2018-09-02 00:17:26.573:   Coeffs saved to: results/radwell/mpmath_100/(1e+00,8e+00,1200)/mcsmatfit/coeffs/test_configuration_1/Npts=6_S=0_E=1195
2018-09-02 00:17:26.634:   cfin calculated
2018-09-02 00:17:26.637: get_elastic_Fin end

2018-09-02 00:17:26.639: get_elastic_Fin(8)
2018-09-02 00:17:26.642:   Calculating for Npts=8,slice:((0, 1198, 171), (1.0, 7.9883236030025015))
2018-09-02 00:17:31.116:   Coefficients calculated
2018-09-02 00:17:31.141:   Coeffs saved to: results/radwell/mpmath_100/(1e+00,8e+00,1200)/mcsmatfit/coeffs/test_configuration_1/Npts=8_S=0_E=1197
2018-09-02 00:17:31.221:   cfin calculated
2018-09-02 00:17:31.223: get_elastic_Fin end

2018-09-02 00:17:31.224: get_elastic_Fin(10)
2018-09-02 00:17:31.228:   Calculating for Npts=10,slice:((0, 1198, 133), (1.0, 7.9883236030025015))
2018-09-02 00:17:35.897:   Coefficients calculated
2018-09-02 00:17:35.929:   Coeffs saved to: results/radwell/mpmath_100/(1e+00,8e+00,1200)/mcsmatfit/coeffs/test_configuration_1/Npts=10_S=0_E=1197
2018-09-02 00:17:36.028:   cfin calculated
2018-09-02 00:17:36.030: get_elastic_Fin end

2018-09-02 00:17:36.032: get_elastic_Fin(12)
2018-09-02 00:17:36.035:   Calculating for Npts=12,slice:((0, 1200, 109), (1.0, 8.0))
2018-09-02 00:17:43.823:   Coefficients calculated
2018-09-02 00:17:43.862:   Coeffs saved to: results/radwell/mpmath_100/(1e+00,8e+00,1200)/mcsmatfit/coeffs/test_configuration_1/Npts=12_S=0_E=1199
2018-09-02 00:17:44.039:   cfin calculated
2018-09-02 00:17:44.041: get_elastic_Fin end

2018-09-02 00:17:44.043: get_elastic_Fin(14)
2018-09-02 00:17:44.046:   Calculating for Npts=14,slice:((0, 1197, 92), (1.0, 7.982485404503753))
2018-09-02 00:17:54.390:   Coefficients calculated
2018-09-02 00:17:54.431:   Coeffs saved to: results/radwell/mpmath_100/(1e+00,8e+00,1200)/mcsmatfit/coeffs/test_configuration_1/Npts=14_S=0_E=1196
2018-09-02 00:17:54.565:   cfin calculated
2018-09-02 00:17:54.567: get_elastic_Fin end

2018-09-02 00:17:54.568: get_elastic_Fin(16)
2018-09-02 00:17:54.571:   Calculating for Npts=16,slice:((0, 1186, 79), (1.0, 7.918265221017514))
2018-09-02 00:18:06.949:   Coefficients calculated
2018-09-02 00:18:06.996:   Coeffs saved to: results/radwell/mpmath_100/(1e+00,8e+00,1200)/mcsmatfit/coeffs/test_configuration_1/Npts=16_S=0_E=1185
2018-09-02 00:18:07.164:   cfin calculated
2018-09-02 00:18:07.166: get_elastic_Fin end

2018-09-02 00:18:07.168: get_elastic_Fin(18)
2018-09-02 00:18:07.174:   Calculating for Npts=18,slice:((0, 1191, 70), (1.0, 7.947456213511259))
2018-09-02 00:18:22.180:   Coefficients calculated
2018-09-02 00:18:22.224:   Coeffs saved to: results/radwell/mpmath_100/(1e+00,8e+00,1200)/mcsmatfit/coeffs/test_configuration_1/Npts=18_S=0_E=1190
2018-09-02 00:18:22.440:   cfin calculated
2018-09-02 00:18:22.442: get_elastic_Fin end

2018-09-02 00:18:22.443: get_elastic_Fin(20)
2018-09-02 00:18:22.446:   Calculating for Npts=20,slice:((0, 1198, 63), (1.0, 7.9883236030025015))
2018-09-02 00:18:39.187:   Coefficients calculated
2018-09-02 00:18:39.245:   Coeffs saved to: results/radwell/mpmath_100/(1e+00,8e+00,1200)/mcsmatfit/coeffs/test_configuration_1/Npts=20_S=0_E=1197
2018-09-02 00:18:39.454:   cfin calculated
2018-09-02 00:18:39.456: get_elastic_Fin end

2018-09-02 00:18:39.458: get_elastic_Fin(22)
2018-09-02 00:18:39.463:   Calculating for Npts=22,slice:((0, 1198, 57), (1.0, 7.9883236030025015))
2018-09-02 00:18:53.688:   Coefficients calculated
2018-09-02 00:18:53.749:   Coeffs saved to: results/radwell/mpmath_100/(1e+00,8e+00,1200)/mcsmatfit/coeffs/test_configuration_1/Npts=22_S=0_E=1197
2018-09-02 00:18:53.967:   cfin calculated
2018-09-02 00:18:53.969: get_elastic_Fin end

2018-09-02 00:18:53.971: get_elastic_Fin(24)
2018-09-02 00:18:53.975:   Calculating for Npts=24,slice:((0, 1197, 52), (1.0, 7.982485404503753))
2018-09-02 00:19:16.193:   Coefficients calculated
2018-09-02 00:19:16.254:   Coeffs saved to: results/radwell/mpmath_100/(1e+00,8e+00,1200)/mcsmatfit/coeffs/test_configuration_1/Npts=24_S=0_E=1196
2018-09-02 00:19:16.513:   cfin calculated
2018-09-02 00:19:16.515: get_elastic_Fin end

2018-09-02 00:19:16.517: get_elastic_Fin(26)
2018-09-02 00:19:16.521:   Calculating for Npts=26,slice:((0, 1176, 47), (1.0, 7.859883236030025))
2018-09-02 00:19:43.459:   Coefficients calculated
2018-09-02 00:19:43.534:   Coeffs saved to: results/radwell/mpmath_100/(1e+00,8e+00,1200)/mcsmatfit/coeffs/test_configuration_1/Npts=26_S=0_E=1175
2018-09-02 00:19:43.808:   cfin calculated
2018-09-02 00:19:43.809: get_elastic_Fin end

2018-09-02 00:19:43.812: get_elastic_Fin(28)
2018-09-02 00:19:43.815:   Calculating for Npts=28,slice:((0, 1189, 44), (1.0, 7.935779816513762))
2018-09-02 00:20:11.775:   Coefficients calculated
2018-09-02 00:20:11.853:   Coeffs saved to: results/radwell/mpmath_100/(1e+00,8e+00,1200)/mcsmatfit/coeffs/test_configuration_1/Npts=28_S=0_E=1188
2018-09-02 00:20:12.137:   cfin calculated
2018-09-02 00:20:12.139: get_elastic_Fin end

2018-09-02 00:20:12.141: get_elastic_Fin(30)
2018-09-02 00:20:12.145:   Calculating for Npts=30,slice:((0, 1190, 41), (1.0, 7.94161801501251))
2018-09-02 00:20:45.851:   Coefficients calculated
2018-09-02 00:20:45.925:   Coeffs saved to: results/radwell/mpmath_100/(1e+00,8e+00,1200)/mcsmatfit/coeffs/test_configuration_1/Npts=30_S=0_E=1189
2018-09-02 00:20:46.251:   cfin calculated
2018-09-02 00:20:46.259: get_elastic_Fin end

2018-09-02 00:20:46.261: get_elastic_Fin(32)
2018-09-02 00:20:46.266:   Calculating for Npts=32,slice:((0, 1179, 38), (1.0, 7.877397831526272))
2018-09-02 00:21:15.369:   Coefficients calculated
2018-09-02 00:21:15.450:   Coeffs saved to: results/radwell/mpmath_100/(1e+00,8e+00,1200)/mcsmatfit/coeffs/test_configuration_1/Npts=32_S=0_E=1178
2018-09-02 00:21:15.783:   cfin calculated
2018-09-02 00:21:15.785: get_elastic_Fin end

2018-09-02 00:21:15.787: get_elastic_Fin(34)
2018-09-02 00:21:15.790:   Calculating for Npts=34,slice:((0, 1189, 36), (1.0, 7.935779816513762))
2018-09-02 00:21:51.765:   Coefficients calculated
2018-09-02 00:21:51.839:   Coeffs saved to: results/radwell/mpmath_100/(1e+00,8e+00,1200)/mcsmatfit/coeffs/test_configuration_1/Npts=34_S=0_E=1188
2018-09-02 00:21:52.211:   cfin calculated
2018-09-02 00:21:52.213: get_elastic_Fin end

2018-09-02 00:21:52.215: get_elastic_Fin(36)
2018-09-02 00:21:52.218:   Calculating for Npts=36,slice:((0, 1191, 34), (1.0, 7.947456213511259))
2018-09-02 00:22:38.441:   Coefficients calculated
2018-09-02 00:22:38.538:   Coeffs saved to: results/radwell/mpmath_100/(1e+00,8e+00,1200)/mcsmatfit/coeffs/test_configuration_1/Npts=36_S=0_E=1190
2018-09-02 00:22:38.937:   cfin calculated
2018-09-02 00:22:38.939: get_elastic_Fin end

2018-09-02 00:22:38.941: get_elastic_Fin(38)
2018-09-02 00:22:38.943:   Calculating for Npts=38,slice:((0, 1185, 32), (1.0, 7.912427022518766))
2018-09-02 00:23:24.243:   Coefficients calculated
2018-09-02 00:23:24.341:   Coeffs saved to: results/radwell/mpmath_100/(1e+00,8e+00,1200)/mcsmatfit/coeffs/test_configuration_1/Npts=38_S=0_E=1184
2018-09-02 00:23:24.756:   cfin calculated
2018-09-02 00:23:24.758: get_elastic_Fin end

2018-09-02 00:23:24.760: get_elastic_Fin(40)
2018-09-02 00:23:24.763:   Calculating for Npts=40,slice:((0, 1171, 30), (1.0, 7.83069224353628))
2018-09-02 00:24:12.570:   Coefficients calculated
2018-09-02 00:24:12.674:   Coeffs saved to: results/radwell/mpmath_100/(1e+00,8e+00,1200)/mcsmatfit/coeffs/test_configuration_1/Npts=40_S=0_E=1170
2018-09-02 00:24:13.132:   cfin calculated
2018-09-02 00:24:13.133: get_elastic_Fin end
2018-09-02 00:24:13.135: get_elastic_Fins end

2018-09-02 00:24:13.137: find_stable_Smat_poles([2, 4, 6, 8, 10, 12, 14, 16, 18, 20, 22, 24, 26, 28, 30, 32, 34, 36, 38, 40])
2018-09-02 00:24:13.139: find_Fin_roots([2, 4, 6, 8, 10, 12, 14, 16, 18, 20, 22, 24, 26, 28, 30, 32, 34, 36, 38, 40])
2018-09-02 00:24:13.159:   Using parameters: {'cScaSympypoly_find_roots': {'nw_roots_sym': {'force_nroots': True, 'symPoly_nroots': {'n': 'dps', 'cleanup': True, 'maxsteps': 5000}}}, 'cMatSympypoly_determinant': {'sym_matrix_det': {'method': 'berkowitz'}}}
2018-09-02 00:24:13.161: _get_roots(2)
2018-09-02 00:24:13.187:   Determinant calculated
2018-09-02 00:24:13.545:   Roots calculated
2018-09-02 00:24:13.552:   Roots saved to: results/radwell/mpmath_100/(1e+00,8e+00,1200)/mcsmatfit/roots/test_configuration_1/Npts=2_S=0_E=1199.txt
2018-09-02 00:24:13.556: _get_roots end
2018-09-02 00:24:13.558: _get_roots(4)
2018-09-02 00:24:13.630:   Determinant calculated
2018-09-02 00:24:14.281:   Roots calculated
2018-09-02 00:24:14.286:   Roots saved to: results/radwell/mpmath_100/(1e+00,8e+00,1200)/mcsmatfit/roots/test_configuration_1/Npts=4_S=0_E=1197.txt
2018-09-02 00:24:14.292: _get_roots end
2018-09-02 00:24:14.294: _get_roots(6)
2018-09-02 00:24:14.390:   Determinant calculated
2018-09-02 00:24:15.381:   Roots calculated
2018-09-02 00:24:15.387:   Roots saved to: results/radwell/mpmath_100/(1e+00,8e+00,1200)/mcsmatfit/roots/test_configuration_1/Npts=6_S=0_E=1195.txt
2018-09-02 00:24:15.393: _get_roots end
2018-09-02 00:24:15.395: _get_roots(8)
2018-09-02 00:24:15.514:   Determinant calculated
2018-09-02 00:24:17.129:   Roots calculated
2018-09-02 00:24:17.136:   Roots saved to: results/radwell/mpmath_100/(1e+00,8e+00,1200)/mcsmatfit/roots/test_configuration_1/Npts=8_S=0_E=1197.txt
2018-09-02 00:24:17.142: _get_roots end
2018-09-02 00:24:17.143: _get_roots(10)
2018-09-02 00:24:17.287:   Determinant calculated
2018-09-02 00:24:19.730:   Roots calculated
2018-09-02 00:24:19.738:   Roots saved to: results/radwell/mpmath_100/(1e+00,8e+00,1200)/mcsmatfit/roots/test_configuration_1/Npts=10_S=0_E=1197.txt
2018-09-02 00:24:19.744: _get_roots end
2018-09-02 00:24:19.746: _get_roots(12)
2018-09-02 00:24:19.920:   Determinant calculated
2018-09-02 00:24:23.856:   Roots calculated
2018-09-02 00:24:23.865:   Roots saved to: results/radwell/mpmath_100/(1e+00,8e+00,1200)/mcsmatfit/roots/test_configuration_1/Npts=12_S=0_E=1199.txt
2018-09-02 00:24:23.872: _get_roots end
2018-09-02 00:24:23.874: _get_roots(14)
2018-09-02 00:24:24.178:   Determinant calculated
2018-09-02 00:24:29.968:   Roots calculated
2018-09-02 00:24:29.987:   Roots saved to: results/radwell/mpmath_100/(1e+00,8e+00,1200)/mcsmatfit/roots/test_configuration_1/Npts=14_S=0_E=1196.txt
2018-09-02 00:24:29.994: _get_roots end
2018-09-02 00:24:29.995: _get_roots(16)
2018-09-02 00:24:30.266:   Determinant calculated
2018-09-02 00:24:39.001:   Roots calculated
2018-09-02 00:24:39.012:   Roots saved to: results/radwell/mpmath_100/(1e+00,8e+00,1200)/mcsmatfit/roots/test_configuration_1/Npts=16_S=0_E=1185.txt
2018-09-02 00:24:39.018: _get_roots end
2018-09-02 00:24:39.020: _get_roots(18)
2018-09-02 00:24:39.315:   Determinant calculated
2018-09-02 00:24:53.271:   Roots calculated
2018-09-02 00:24:53.287:   Roots saved to: results/radwell/mpmath_100/(1e+00,8e+00,1200)/mcsmatfit/roots/test_configuration_1/Npts=18_S=0_E=1190.txt
2018-09-02 00:24:53.293: _get_roots end
2018-09-02 00:24:53.294: _get_roots(20)
2018-09-02 00:24:53.630:   Determinant calculated
2018-09-02 00:25:14.467:   Roots calculated
2018-09-02 00:25:14.479:   Roots saved to: results/radwell/mpmath_100/(1e+00,8e+00,1200)/mcsmatfit/roots/test_configuration_1/Npts=20_S=0_E=1197.txt
2018-09-02 00:25:14.486: _get_roots end
2018-09-02 00:25:14.488: _get_roots(22)
2018-09-02 00:25:14.883:   Determinant calculated
2018-09-02 00:25:42.181:   Roots calculated
2018-09-02 00:25:42.202:   Roots saved to: results/radwell/mpmath_100/(1e+00,8e+00,1200)/mcsmatfit/roots/test_configuration_1/Npts=22_S=0_E=1197.txt
2018-09-02 00:25:42.209: _get_roots end
2018-09-02 00:25:42.211: _get_roots(24)
2018-09-02 00:25:42.791:   Determinant calculated
2018-09-02 00:26:18.755:   Roots calculated
2018-09-02 00:26:18.776:   Roots saved to: results/radwell/mpmath_100/(1e+00,8e+00,1200)/mcsmatfit/roots/test_configuration_1/Npts=24_S=0_E=1196.txt
2018-09-02 00:26:18.783: _get_roots end
2018-09-02 00:26:18.784: _get_roots(26)
2018-09-02 00:26:19.273:   Determinant calculated
2018-09-02 00:27:02.749:   Roots calculated
2018-09-02 00:27:02.774:   Roots saved to: results/radwell/mpmath_100/(1e+00,8e+00,1200)/mcsmatfit/roots/test_configuration_1/Npts=26_S=0_E=1175.txt
2018-09-02 00:27:02.781: _get_roots end
2018-09-02 00:27:02.783: _get_roots(28)
2018-09-02 00:27:03.328:   Determinant calculated
2018-09-02 00:28:06.009:   Roots calculated
2018-09-02 00:28:06.035:   Roots saved to: results/radwell/mpmath_100/(1e+00,8e+00,1200)/mcsmatfit/roots/test_configuration_1/Npts=28_S=0_E=1188.txt
2018-09-02 00:28:06.042: _get_roots end
2018-09-02 00:28:06.043: _get_roots(30)
2018-09-02 00:28:06.631:   Determinant calculated
2018-09-02 00:29:24.674:   Roots calculated
2018-09-02 00:29:24.706:   Roots saved to: results/radwell/mpmath_100/(1e+00,8e+00,1200)/mcsmatfit/roots/test_configuration_1/Npts=30_S=0_E=1189.txt
2018-09-02 00:29:24.713: _get_roots end
2018-09-02 00:29:24.714: _get_roots(32)
2018-09-02 00:29:25.365:   Determinant calculated
2018-09-02 00:31:08.645:   Roots calculated
2018-09-02 00:31:08.670:   Roots saved to: results/radwell/mpmath_100/(1e+00,8e+00,1200)/mcsmatfit/roots/test_configuration_1/Npts=32_S=0_E=1178.txt
2018-09-02 00:31:08.677: _get_roots end
2018-09-02 00:31:08.679: _get_roots(34)
2018-09-02 00:31:09.386:   Determinant calculated
2018-09-02 00:33:20.580:   Roots calculated
2018-09-02 00:33:20.609:   Roots saved to: results/radwell/mpmath_100/(1e+00,8e+00,1200)/mcsmatfit/roots/test_configuration_1/Npts=34_S=0_E=1188.txt
2018-09-02 00:33:20.615: _get_roots end
2018-09-02 00:33:20.617: _get_roots(36)
2018-09-02 00:33:21.422:   Determinant calculated
2018-09-02 00:35:44.589:   Roots calculated
2018-09-02 00:35:44.610:   Roots saved to: results/radwell/mpmath_100/(1e+00,8e+00,1200)/mcsmatfit/roots/test_configuration_1/Npts=36_S=0_E=1190.txt
2018-09-02 00:35:44.616: _get_roots end
2018-09-02 00:35:44.618: _get_roots(38)
2018-09-02 00:35:45.430:   Determinant calculated
2018-09-02 00:38:51.660:   Roots calculated
2018-09-02 00:38:51.694:   Roots saved to: results/radwell/mpmath_100/(1e+00,8e+00,1200)/mcsmatfit/roots/test_configuration_1/Npts=38_S=0_E=1184.txt
2018-09-02 00:38:51.701: _get_roots end
2018-09-02 00:38:51.703: _get_roots(40)
2018-09-02 00:38:52.641:   Determinant calculated
2018-09-02 00:42:34.200:   Roots calculated
2018-09-02 00:42:34.223:   Roots saved to: results/radwell/mpmath_100/(1e+00,8e+00,1200)/mcsmatfit/roots/test_configuration_1/Npts=40_S=0_E=1170.txt
2018-09-02 00:42:34.231: _get_roots end
2018-09-02 00:42:34.233: find_Fin_roots end
2018-09-02 00:42:34.245:   Using parameters: {'root_filt': {'atol': '0.001+0.001j', 'point': 0.0}, 'stelempy': {'end_rtol': None, 'amalg_rtol': 0.0001, 'ztol': '1e-7', 'start_rtol': 0.0001, 'cfsteps': 2}}
2018-09-02 00:50:58.366:   Convergence groups calculated
2018-09-02 00:50:58.439:   Poles saved to: results/radwell/mpmath_100/(1e+00,8e+00,1200)/mcsmatfit/poles/test_configuration_1/[2,4,6,8,10,12,14,16,18,20,22,24,26,28,30,32,34,36,38,40]/dks/dk1e-04.txt
2018-09-02 00:50:58.502:   Poles saved to: results/radwell/mpmath_100/(1e+00,8e+00,1200)/mcsmatfit/poles/test_configuration_1/[2,4,6,8,10,12,14,16,18,20,22,24,26,28,30,32,34,36,38,40]/dks/dk1e-05.txt
2018-09-02 00:50:58.563:   Poles saved to: results/radwell/mpmath_100/(1e+00,8e+00,1200)/mcsmatfit/poles/test_configuration_1/[2,4,6,8,10,12,14,16,18,20,22,24,26,28,30,32,34,36,38,40]/dks/dk1e-06.txt
2018-09-02 00:50:58.617:   Poles saved to: results/radwell/mpmath_100/(1e+00,8e+00,1200)/mcsmatfit/poles/test_configuration_1/[2,4,6,8,10,12,14,16,18,20,22,24,26,28,30,32,34,36,38,40]/dks/dk1e-07.txt
2018-09-02 00:50:58.668:   Poles saved to: results/radwell/mpmath_100/(1e+00,8e+00,1200)/mcsmatfit/poles/test_configuration_1/[2,4,6,8,10,12,14,16,18,20,22,24,26,28,30,32,34,36,38,40]/dks/dk1e-08.txt
2018-09-02 00:50:58.717:   Poles saved to: results/radwell/mpmath_100/(1e+00,8e+00,1200)/mcsmatfit/poles/test_configuration_1/[2,4,6,8,10,12,14,16,18,20,22,24,26,28,30,32,34,36,38,40]/dks/dk1e-09.txt
2018-09-02 00:50:58.764:   Poles saved to: results/radwell/mpmath_100/(1e+00,8e+00,1200)/mcsmatfit/poles/test_configuration_1/[2,4,6,8,10,12,14,16,18,20,22,24,26,28,30,32,34,36,38,40]/dks/dk1e-10.txt
2018-09-02 00:50:58.804:   Poles saved to: results/radwell/mpmath_100/(1e+00,8e+00,1200)/mcsmatfit/poles/test_configuration_1/[2,4,6,8,10,12,14,16,18,20,22,24,26,28,30,32,34,36,38,40]/dks/dk1e-11.txt
2018-09-02 00:50:58.844:   Poles saved to: results/radwell/mpmath_100/(1e+00,8e+00,1200)/mcsmatfit/poles/test_configuration_1/[2,4,6,8,10,12,14,16,18,20,22,24,26,28,30,32,34,36,38,40]/dks/dk1e-12.txt
2018-09-02 00:50:58.882:   Poles saved to: results/radwell/mpmath_100/(1e+00,8e+00,1200)/mcsmatfit/poles/test_configuration_1/[2,4,6,8,10,12,14,16,18,20,22,24,26,28,30,32,34,36,38,40]/dks/dk1e-13.txt
2018-09-02 00:50:58.922:   Poles saved to: results/radwell/mpmath_100/(1e+00,8e+00,1200)/mcsmatfit/poles/test_configuration_1/[2,4,6,8,10,12,14,16,18,20,22,24,26,28,30,32,34,36,38,40]/dks/dk1e-14.txt
2018-09-02 00:50:58.956:   Poles saved to: results/radwell/mpmath_100/(1e+00,8e+00,1200)/mcsmatfit/poles/test_configuration_1/[2,4,6,8,10,12,14,16,18,20,22,24,26,28,30,32,34,36,38,40]/dks/dk1e-15.txt
2018-09-02 00:50:58.987:   Poles saved to: results/radwell/mpmath_100/(1e+00,8e+00,1200)/mcsmatfit/poles/test_configuration_1/[2,4,6,8,10,12,14,16,18,20,22,24,26,28,30,32,34,36,38,40]/dks/dk1e-16.txt
2018-09-02 00:50:59.022:   Poles saved to: results/radwell/mpmath_100/(1e+00,8e+00,1200)/mcsmatfit/poles/test_configuration_1/[2,4,6,8,10,12,14,16,18,20,22,24,26,28,30,32,34,36,38,40]/dks/dk1e-17.txt
2018-09-02 00:50:59.053:   Poles saved to: results/radwell/mpmath_100/(1e+00,8e+00,1200)/mcsmatfit/poles/test_configuration_1/[2,4,6,8,10,12,14,16,18,20,22,24,26,28,30,32,34,36,38,40]/dks/dk1e-18.txt
2018-09-02 00:50:59.081:   Poles saved to: results/radwell/mpmath_100/(1e+00,8e+00,1200)/mcsmatfit/poles/test_configuration_1/[2,4,6,8,10,12,14,16,18,20,22,24,26,28,30,32,34,36,38,40]/dks/dk1e-19.txt
2018-09-02 00:50:59.111:   Poles saved to: results/radwell/mpmath_100/(1e+00,8e+00,1200)/mcsmatfit/poles/test_configuration_1/[2,4,6,8,10,12,14,16,18,20,22,24,26,28,30,32,34,36,38,40]/dks/dk1e-20.txt
2018-09-02 00:50:59.140:   Poles saved to: results/radwell/mpmath_100/(1e+00,8e+00,1200)/mcsmatfit/poles/test_configuration_1/[2,4,6,8,10,12,14,16,18,20,22,24,26,28,30,32,34,36,38,40]/dks/dk1e-21.txt
2018-09-02 00:50:59.169:   Poles saved to: results/radwell/mpmath_100/(1e+00,8e+00,1200)/mcsmatfit/poles/test_configuration_1/[2,4,6,8,10,12,14,16,18,20,22,24,26,28,30,32,34,36,38,40]/dks/dk1e-22.txt
2018-09-02 00:50:59.197:   Poles saved to: results/radwell/mpmath_100/(1e+00,8e+00,1200)/mcsmatfit/poles/test_configuration_1/[2,4,6,8,10,12,14,16,18,20,22,24,26,28,30,32,34,36,38,40]/dks/dk1e-23.txt
2018-09-02 00:50:59.227:   Poles saved to: results/radwell/mpmath_100/(1e+00,8e+00,1200)/mcsmatfit/poles/test_configuration_1/[2,4,6,8,10,12,14,16,18,20,22,24,26,28,30,32,34,36,38,40]/dks/dk1e-24.txt
2018-09-02 00:50:59.251:   Poles saved to: results/radwell/mpmath_100/(1e+00,8e+00,1200)/mcsmatfit/poles/test_configuration_1/[2,4,6,8,10,12,14,16,18,20,22,24,26,28,30,32,34,36,38,40]/dks/dk1e-25.txt
2018-09-02 00:50:59.272:   Poles saved to: results/radwell/mpmath_100/(1e+00,8e+00,1200)/mcsmatfit/poles/test_configuration_1/[2,4,6,8,10,12,14,16,18,20,22,24,26,28,30,32,34,36,38,40]/dks/dk1e-26.txt
2018-09-02 00:50:59.292:   Poles saved to: results/radwell/mpmath_100/(1e+00,8e+00,1200)/mcsmatfit/poles/test_configuration_1/[2,4,6,8,10,12,14,16,18,20,22,24,26,28,30,32,34,36,38,40]/dks/dk1e-27.txt
2018-09-02 00:50:59.313:   Poles saved to: results/radwell/mpmath_100/(1e+00,8e+00,1200)/mcsmatfit/poles/test_configuration_1/[2,4,6,8,10,12,14,16,18,20,22,24,26,28,30,32,34,36,38,40]/dks/dk1e-28.txt
2018-09-02 00:50:59.334:   Poles saved to: results/radwell/mpmath_100/(1e+00,8e+00,1200)/mcsmatfit/poles/test_configuration_1/[2,4,6,8,10,12,14,16,18,20,22,24,26,28,30,32,34,36,38,40]/dks/dk1e-29.txt
2018-09-02 00:50:59.357:   Poles saved to: results/radwell/mpmath_100/(1e+00,8e+00,1200)/mcsmatfit/poles/test_configuration_1/[2,4,6,8,10,12,14,16,18,20,22,24,26,28,30,32,34,36,38,40]/dks/dk1e-30.txt
2018-09-02 00:50:59.376:   Poles saved to: results/radwell/mpmath_100/(1e+00,8e+00,1200)/mcsmatfit/poles/test_configuration_1/[2,4,6,8,10,12,14,16,18,20,22,24,26,28,30,32,34,36,38,40]/dks/dk1e-31.txt
2018-09-02 00:50:59.395:   Poles saved to: results/radwell/mpmath_100/(1e+00,8e+00,1200)/mcsmatfit/poles/test_configuration_1/[2,4,6,8,10,12,14,16,18,20,22,24,26,28,30,32,34,36,38,40]/dks/dk1e-32.txt
2018-09-02 00:50:59.413:   Poles saved to: results/radwell/mpmath_100/(1e+00,8e+00,1200)/mcsmatfit/poles/test_configuration_1/[2,4,6,8,10,12,14,16,18,20,22,24,26,28,30,32,34,36,38,40]/dks/dk1e-33.txt
2018-09-02 00:50:59.434:   Poles saved to: results/radwell/mpmath_100/(1e+00,8e+00,1200)/mcsmatfit/poles/test_configuration_1/[2,4,6,8,10,12,14,16,18,20,22,24,26,28,30,32,34,36,38,40]/dks/dk1e-34.txt
2018-09-02 00:50:59.454:   Poles saved to: results/radwell/mpmath_100/(1e+00,8e+00,1200)/mcsmatfit/poles/test_configuration_1/[2,4,6,8,10,12,14,16,18,20,22,24,26,28,30,32,34,36,38,40]/dks/dk1e-35.txt
2018-09-02 00:50:59.476:   Poles saved to: results/radwell/mpmath_100/(1e+00,8e+00,1200)/mcsmatfit/poles/test_configuration_1/[2,4,6,8,10,12,14,16,18,20,22,24,26,28,30,32,34,36,38,40]/dks/dk1e-36.txt
2018-09-02 00:50:59.490:   Poles saved to: results/radwell/mpmath_100/(1e+00,8e+00,1200)/mcsmatfit/poles/test_configuration_1/[2,4,6,8,10,12,14,16,18,20,22,24,26,28,30,32,34,36,38,40]/dks/dk1e-37.txt
2018-09-02 00:50:59.507:   Poles saved to: results/radwell/mpmath_100/(1e+00,8e+00,1200)/mcsmatfit/poles/test_configuration_1/[2,4,6,8,10,12,14,16,18,20,22,24,26,28,30,32,34,36,38,40]/dks/dk1e-38.txt
2018-09-02 00:50:59.521:   Poles saved to: results/radwell/mpmath_100/(1e+00,8e+00,1200)/mcsmatfit/poles/test_configuration_1/[2,4,6,8,10,12,14,16,18,20,22,24,26,28,30,32,34,36,38,40]/dks/dk1e-39.txt
2018-09-02 00:50:59.539:   Poles saved to: results/radwell/mpmath_100/(1e+00,8e+00,1200)/mcsmatfit/poles/test_configuration_1/[2,4,6,8,10,12,14,16,18,20,22,24,26,28,30,32,34,36,38,40]/dks/dk1e-40.txt
2018-09-02 00:50:59.552:   Poles saved to: results/radwell/mpmath_100/(1e+00,8e+00,1200)/mcsmatfit/poles/test_configuration_1/[2,4,6,8,10,12,14,16,18,20,22,24,26,28,30,32,34,36,38,40]/dks/dk1e-41.txt
2018-09-02 00:50:59.568:   Poles saved to: results/radwell/mpmath_100/(1e+00,8e+00,1200)/mcsmatfit/poles/test_configuration_1/[2,4,6,8,10,12,14,16,18,20,22,24,26,28,30,32,34,36,38,40]/dks/dk1e-42.txt
2018-09-02 00:50:59.577:   Poles saved to: results/radwell/mpmath_100/(1e+00,8e+00,1200)/mcsmatfit/poles/test_configuration_1/[2,4,6,8,10,12,14,16,18,20,22,24,26,28,30,32,34,36,38,40]/dks/dk1e-43.txt
2018-09-02 00:50:59.588:   Poles saved to: results/radwell/mpmath_100/(1e+00,8e+00,1200)/mcsmatfit/poles/test_configuration_1/[2,4,6,8,10,12,14,16,18,20,22,24,26,28,30,32,34,36,38,40]/dks/dk1e-44.txt
2018-09-02 00:50:59.603:   Poles saved to: results/radwell/mpmath_100/(1e+00,8e+00,1200)/mcsmatfit/poles/test_configuration_1/[2,4,6,8,10,12,14,16,18,20,22,24,26,28,30,32,34,36,38,40]/dks/dk1e-45.txt
2018-09-02 00:50:59.613:   Poles saved to: results/radwell/mpmath_100/(1e+00,8e+00,1200)/mcsmatfit/poles/test_configuration_1/[2,4,6,8,10,12,14,16,18,20,22,24,26,28,30,32,34,36,38,40]/dks/dk1e-46.txt
2018-09-02 00:50:59.622:   Poles saved to: results/radwell/mpmath_100/(1e+00,8e+00,1200)/mcsmatfit/poles/test_configuration_1/[2,4,6,8,10,12,14,16,18,20,22,24,26,28,30,32,34,36,38,40]/dks/dk1e-47.txt
2018-09-02 00:50:59.632:   Poles saved to: results/radwell/mpmath_100/(1e+00,8e+00,1200)/mcsmatfit/poles/test_configuration_1/[2,4,6,8,10,12,14,16,18,20,22,24,26,28,30,32,34,36,38,40]/dks/dk1e-48.txt
2018-09-02 00:50:59.641:   Poles saved to: results/radwell/mpmath_100/(1e+00,8e+00,1200)/mcsmatfit/poles/test_configuration_1/[2,4,6,8,10,12,14,16,18,20,22,24,26,28,30,32,34,36,38,40]/dks/dk1e-49.txt
2018-09-02 00:50:59.646:   Poles saved to: results/radwell/mpmath_100/(1e+00,8e+00,1200)/mcsmatfit/poles/test_configuration_1/[2,4,6,8,10,12,14,16,18,20,22,24,26,28,30,32,34,36,38,40]/dks/dk1e-50.txt
2018-09-02 00:50:59.991:   QIs calculated
2018-09-02 00:51:00.000:   QI data saved to: results/radwell/mpmath_100/(1e+00,8e+00,1200)/mcsmatfit/poles/test_configuration_1/[2,4,6,8,10,12,14,16,18,20,22,24,26,28,30,32,34,36,38,40]/QIs_k.txt
2018-09-02 00:51:00.007:   QI data saved to: results/radwell/mpmath_100/(1e+00,8e+00,1200)/mcsmatfit/poles/test_configuration_1/[2,4,6,8,10,12,14,16,18,20,22,24,26,28,30,32,34,36,38,40]/QIs_E.txt
2018-09-02 00:51:00.009: find_stable_Smat_poles end


2019-02-09 23:26:30.948: NEW SESSION: Windows-10-10.0.17134 Intel64 Family 6 Model 45 Stepping 7, GenuineIntel, Python 2.7.14 (v2.7.14:84471935ed, Sep 16 2017, 20:25:58) [MSC v.1500 64 bit (AMD64)]
2019-02-09 23:26:30.969: VERSIONS: numpy:1.15.0, scipy:1.1.0, sympy:1.0, mpmath:1.0.0, matplotlib:2.1.0, yaml:3.12, tabulate:0.8.2, channelutil:1.0.1, matfuncutil:1.1.0, parsmat:1.0.1, pynumutil:1.1.0, pynumwrap:1.1.0, stelempy:1.0.1, tisutil:1.0.1, twochanradialwell:1.0.1, ukrmolmatreader:1.0.1, reskit:1.2.0

2019-02-09 23:26:31.066: get_elastic_Smat(20)
2019-02-09 23:26:31.082:   Calculating for slice:((0, 1198, 63), (1.0, 7.9883236030025015))
2019-02-09 23:26:31.263:   Coefficients loaded from: author_results\radwell\mpmath_100\(1e+00,8e+00,1200)\mcsmatfit\coeffs\test_configuration_1\Npts=20_S=0_E=1197
2019-02-09 23:26:31.268:   Calculation completed
2019-02-09 23:26:31.273: get_elastic_Smat end

2019-02-09 23:26:31.278: plot_Smat_fit(20)
2019-02-09 23:26:31.290:   Using parameters: {'extension': 'png', 'show': True, 'ysize': 7, 'cycle_dashes': True, 'dashes': [None, [[2, 4], [4, 2]]], 'xsize': 8, 'colour_cycle': ['green', 'red', 'blue'], 'hide_title': False, 'dpi': 1200}
2019-02-09 23:28:46.922:   Chart saved to: author_results\radwell\mpmath_100\(1e+00,8e+00,1200)\mcsmatfit\charts\S matrix (Npts=20)_Ha_300.png
2019-02-09 23:32:29.702: plot_Smat_fit end


2019-02-09 23:33:08.144: NEW SESSION: Windows-10-10.0.17134 Intel64 Family 6 Model 45 Stepping 7, GenuineIntel, Python 2.7.14 (v2.7.14:84471935ed, Sep 16 2017, 20:25:58) [MSC v.1500 64 bit (AMD64)]
2019-02-09 23:33:08.149: VERSIONS: numpy:1.15.0, scipy:1.1.0, sympy:1.0, mpmath:1.0.0, matplotlib:2.1.0, yaml:3.12, tabulate:0.8.2, channelutil:1.0.1, matfuncutil:1.1.0, parsmat:1.0.1, pynumutil:1.1.0, pynumwrap:1.1.0, stelempy:1.0.1, tisutil:1.0.1, twochanradialwell:1.0.1, ukrmolmatreader:1.0.1, reskit:1.2.0

2019-02-09 23:33:08.169: get_elastic_Smat(20)
2019-02-09 23:33:08.174:   Calculating for slice:((0, 1198, 63), (1.0, 7.9883236030025015))
2019-02-09 23:33:08.225:   Coefficients loaded from: author_results\radwell\mpmath_100\(1e+00,8e+00,1200)\mcsmatfit\coeffs\test_configuration_1\Npts=20_S=0_E=1197
2019-02-09 23:33:08.230:   Calculation completed
2019-02-09 23:33:08.235: get_elastic_Smat end

2019-02-09 23:33:08.239: plot_XS_fit(20)
2019-02-09 23:33:08.256:   Using parameters: {'extension': 'png', 'show': True, 'ysize': 7, 'cycle_dashes': True, 'dashes': [None, [[2, 4], [4, 2]]], 'xsize': 8, 'colour_cycle': ['green', 'red', 'blue'], 'hide_title': False, 'dpi': 1200}
2019-02-09 23:35:22.398:   Chart saved to: author_results\radwell\mpmath_100\(1e+00,8e+00,1200)\mcsmatfit\charts\Cross Section (Npts=20)_Ha_300.png
2019-02-09 23:35:35.175: plot_XS_fit end
