
2018-08-05 14:13:01.977: get_elastic_Fins([2, 4, 6, 8, 10, 12, 14, 16, 18, 20, 22, 24, 26, 28, 30, 32, 34, 36, 38, 40])

2018-08-05 14:13:01.980: get_elastic_Fin(2)
2018-08-05 14:13:01.983:   Calculating for Npts=2,slice:((0, 1200, 1199), (0.000735, 0.4413675))
2018-08-05 14:13:02.027:   Coefficients calculated
2018-08-05 14:13:02.043:   Coeffs saved to: results/pyrazine/mpmath_100/(0,1200,None)/mcsmatfit/coeffs/default/Npts=2_S=0_E=1199
2018-08-05 14:13:02.073:   cfin calculated
2018-08-05 14:13:02.075: get_elastic_Fin end

2018-08-05 14:13:02.077: get_elastic_Fin(4)
2018-08-05 14:13:02.081:   Calculating for Npts=4,slice:((0, 1198, 399), (0.000735, 0.4406325))
2018-08-05 14:13:02.251:   Coefficients calculated
2018-08-05 14:13:02.274:   Coeffs saved to: results/pyrazine/mpmath_100/(0,1200,None)/mcsmatfit/coeffs/default/Npts=4_S=0_E=1197
2018-08-05 14:13:02.322:   cfin calculated
2018-08-05 14:13:02.324: get_elastic_Fin end

2018-08-05 14:13:02.326: get_elastic_Fin(6)
2018-08-05 14:13:02.329:   Calculating for Npts=6,slice:((0, 1196, 239), (0.000735, 0.4398975))
2018-08-05 14:13:02.759:   Coefficients calculated
2018-08-05 14:13:02.784:   Coeffs saved to: results/pyrazine/mpmath_100/(0,1200,None)/mcsmatfit/coeffs/default/Npts=6_S=0_E=1195
2018-08-05 14:13:02.851:   cfin calculated
2018-08-05 14:13:02.853: get_elastic_Fin end

2018-08-05 14:13:02.855: get_elastic_Fin(8)
2018-08-05 14:13:02.859:   Calculating for Npts=8,slice:((0, 1198, 171), (0.000735, 0.4406325))
2018-08-05 14:13:03.731:   Coefficients calculated
2018-08-05 14:13:03.762:   Coeffs saved to: results/pyrazine/mpmath_100/(0,1200,None)/mcsmatfit/coeffs/default/Npts=8_S=0_E=1197
2018-08-05 14:13:03.855:   cfin calculated
2018-08-05 14:13:03.858: get_elastic_Fin end

2018-08-05 14:13:03.860: get_elastic_Fin(10)
2018-08-05 14:13:03.863:   Calculating for Npts=10,slice:((0, 1198, 133), (0.000735, 0.4406325))
2018-08-05 14:13:05.396:   Coefficients calculated
2018-08-05 14:13:05.431:   Coeffs saved to: results/pyrazine/mpmath_100/(0,1200,None)/mcsmatfit/coeffs/default/Npts=10_S=0_E=1197
2018-08-05 14:13:05.543:   cfin calculated
2018-08-05 14:13:05.546: get_elastic_Fin end

2018-08-05 14:13:05.548: get_elastic_Fin(12)
2018-08-05 14:13:05.551:   Calculating for Npts=12,slice:((0, 1200, 109), (0.000735, 0.4413675))
2018-08-05 14:13:08.034:   Coefficients calculated
2018-08-05 14:13:08.075:   Coeffs saved to: results/pyrazine/mpmath_100/(0,1200,None)/mcsmatfit/coeffs/default/Npts=12_S=0_E=1199
2018-08-05 14:13:08.215:   cfin calculated
2018-08-05 14:13:08.217: get_elastic_Fin end

2018-08-05 14:13:08.220: get_elastic_Fin(14)
2018-08-05 14:13:08.223:   Calculating for Npts=14,slice:((0, 1197, 92), (0.000735, 0.440265))
2018-08-05 14:13:12.015:   Coefficients calculated
2018-08-05 14:13:12.061:   Coeffs saved to: results/pyrazine/mpmath_100/(0,1200,None)/mcsmatfit/coeffs/default/Npts=14_S=0_E=1196
2018-08-05 14:13:12.229:   cfin calculated
2018-08-05 14:13:12.232: get_elastic_Fin end

2018-08-05 14:13:12.234: get_elastic_Fin(16)
2018-08-05 14:13:12.237:   Calculating for Npts=16,slice:((0, 1186, 79), (0.000735, 0.4362225))
2018-08-05 14:13:17.621:   Coefficients calculated
2018-08-05 14:13:17.673:   Coeffs saved to: results/pyrazine/mpmath_100/(0,1200,None)/mcsmatfit/coeffs/default/Npts=16_S=0_E=1185
2018-08-05 14:13:17.861:   cfin calculated
2018-08-05 14:13:17.864: get_elastic_Fin end

2018-08-05 14:13:17.866: get_elastic_Fin(18)
2018-08-05 14:13:17.870:   Calculating for Npts=18,slice:((0, 1191, 70), (0.000735, 0.43806))
2018-08-05 14:13:25.365:   Coefficients calculated
2018-08-05 14:13:25.421:   Coeffs saved to: results/pyrazine/mpmath_100/(0,1200,None)/mcsmatfit/coeffs/default/Npts=18_S=0_E=1190
2018-08-05 14:13:25.639:   cfin calculated
2018-08-05 14:13:25.642: get_elastic_Fin end

2018-08-05 14:13:25.644: get_elastic_Fin(20)
2018-08-05 14:13:25.648:   Calculating for Npts=20,slice:((0, 1198, 63), (0.000735, 0.4406325))
2018-08-05 14:13:35.642:   Coefficients calculated
2018-08-05 14:13:35.703:   Coeffs saved to: results/pyrazine/mpmath_100/(0,1200,None)/mcsmatfit/coeffs/default/Npts=20_S=0_E=1197
2018-08-05 14:13:35.948:   cfin calculated
2018-08-05 14:13:35.950: get_elastic_Fin end

2018-08-05 14:13:35.952: get_elastic_Fin(22)
2018-08-05 14:13:35.955:   Calculating for Npts=22,slice:((0, 1198, 57), (0.000735, 0.4406325))
2018-08-05 14:13:48.954:   Coefficients calculated
2018-08-05 14:13:49.028:   Coeffs saved to: results/pyrazine/mpmath_100/(0,1200,None)/mcsmatfit/coeffs/default/Npts=22_S=0_E=1197
2018-08-05 14:13:49.312:   cfin calculated
2018-08-05 14:13:49.315: get_elastic_Fin end

2018-08-05 14:13:49.317: get_elastic_Fin(24)
2018-08-05 14:13:49.320:   Calculating for Npts=24,slice:((0, 1197, 52), (0.000735, 0.440265))
2018-08-05 14:14:05.905:   Coefficients calculated
2018-08-05 14:14:05.974:   Coeffs saved to: results/pyrazine/mpmath_100/(0,1200,None)/mcsmatfit/coeffs/default/Npts=24_S=0_E=1196
2018-08-05 14:14:06.276:   cfin calculated
2018-08-05 14:14:06.278: get_elastic_Fin end

2018-08-05 14:14:06.280: get_elastic_Fin(26)
2018-08-05 14:14:06.283:   Calculating for Npts=26,slice:((0, 1176, 47), (0.000735, 0.4325475))
2018-08-05 14:14:27.013:   Coefficients calculated
2018-08-05 14:14:27.090:   Coeffs saved to: results/pyrazine/mpmath_100/(0,1200,None)/mcsmatfit/coeffs/default/Npts=26_S=0_E=1175
2018-08-05 14:14:27.425:   cfin calculated
2018-08-05 14:14:27.427: get_elastic_Fin end

2018-08-05 14:14:27.429: get_elastic_Fin(28)
2018-08-05 14:14:27.432:   Calculating for Npts=28,slice:((0, 1189, 44), (0.000735, 0.437325))
2018-08-05 14:14:52.925:   Coefficients calculated
2018-08-05 14:14:53.009:   Coeffs saved to: results/pyrazine/mpmath_100/(0,1200,None)/mcsmatfit/coeffs/default/Npts=28_S=0_E=1188
2018-08-05 14:14:53.383:   cfin calculated
2018-08-05 14:14:53.386: get_elastic_Fin end

2018-08-05 14:14:53.388: get_elastic_Fin(30)
2018-08-05 14:14:53.391:   Calculating for Npts=30,slice:((0, 1190, 41), (0.000735, 0.4376925))
2018-08-05 14:15:24.329:   Coefficients calculated
2018-08-05 14:15:24.424:   Coeffs saved to: results/pyrazine/mpmath_100/(0,1200,None)/mcsmatfit/coeffs/default/Npts=30_S=0_E=1189
2018-08-05 14:15:24.867:   cfin calculated
2018-08-05 14:15:24.870: get_elastic_Fin end

2018-08-05 14:15:24.872: get_elastic_Fin(32)
2018-08-05 14:15:24.875:   Calculating for Npts=32,slice:((0, 1179, 38), (0.000735, 0.43365))
2018-08-05 14:16:01.799:   Coefficients calculated
2018-08-05 14:16:01.890:   Coeffs saved to: results/pyrazine/mpmath_100/(0,1200,None)/mcsmatfit/coeffs/default/Npts=32_S=0_E=1178
2018-08-05 14:16:02.320:   cfin calculated
2018-08-05 14:16:02.322: get_elastic_Fin end

2018-08-05 14:16:02.325: get_elastic_Fin(34)
2018-08-05 14:16:02.328:   Calculating for Npts=34,slice:((0, 1189, 36), (0.000735, 0.437325))
2018-08-05 14:16:46.541:   Coefficients calculated
2018-08-05 14:16:46.646:   Coeffs saved to: results/pyrazine/mpmath_100/(0,1200,None)/mcsmatfit/coeffs/default/Npts=34_S=0_E=1188
2018-08-05 14:16:47.125:   cfin calculated
2018-08-05 14:16:47.128: get_elastic_Fin end

2018-08-05 14:16:47.130: get_elastic_Fin(36)
2018-08-05 14:16:47.134:   Calculating for Npts=36,slice:((0, 1191, 34), (0.000735, 0.43806))
2018-08-05 14:17:39.176:   Coefficients calculated
2018-08-05 14:17:39.288:   Coeffs saved to: results/pyrazine/mpmath_100/(0,1200,None)/mcsmatfit/coeffs/default/Npts=36_S=0_E=1190
2018-08-05 14:17:39.807:   cfin calculated
2018-08-05 14:17:39.810: get_elastic_Fin end

2018-08-05 14:17:39.813: get_elastic_Fin(38)
2018-08-05 14:17:39.816:   Calculating for Npts=38,slice:((0, 1185, 32), (0.000735, 0.435855))
2018-08-05 14:18:40.849:   Coefficients calculated
2018-08-05 14:18:40.982:   Coeffs saved to: results/pyrazine/mpmath_100/(0,1200,None)/mcsmatfit/coeffs/default/Npts=38_S=0_E=1184
2018-08-05 14:18:41.539:   cfin calculated
2018-08-05 14:18:41.542: get_elastic_Fin end

2018-08-05 14:18:41.544: get_elastic_Fin(40)
2018-08-05 14:18:41.548:   Calculating for Npts=40,slice:((0, 1171, 30), (0.000735, 0.43071))
2018-08-05 14:19:52.055:   Coefficients calculated
2018-08-05 14:19:52.187:   Coeffs saved to: results/pyrazine/mpmath_100/(0,1200,None)/mcsmatfit/coeffs/default/Npts=40_S=0_E=1170
2018-08-05 14:19:52.794:   cfin calculated
2018-08-05 14:19:52.796: get_elastic_Fin end
2018-08-05 14:19:52.798: get_elastic_Fins end

2018-08-05 14:19:52.801: find_stable_Smat_poles([2, 4, 6, 8, 10, 12, 14, 16, 18, 20, 22, 24, 26, 28, 30, 32, 34, 36, 38, 40])
2018-08-05 14:19:52.803: find_Fin_roots([2, 4, 6, 8, 10, 12, 14, 16, 18, 20, 22, 24, 26, 28, 30, 32, 34, 36, 38, 40])
2018-08-05 14:19:52.816:   Using parameters: {'cScaSympypoly_find_roots': {'nw_roots_sym': {'symPoly_nroots': {'n': 'dps', 'cleanup': True, 'maxsteps': 5000}}}, 'cMatSympypoly_determinant': {'sym_matrix_det': {'method': 'berkowitz'}}}
2018-08-05 14:19:52.818: _get_roots(2)
2018-08-05 14:19:52.860:   Determinant calculated
2018-08-05 14:20:03.620:   Roots calculated
2018-08-05 14:20:03.633:   Roots saved to: results/pyrazine/mpmath_100/(0,1200,None)/mcsmatfit/roots/default/Npts=2_S=0_E=1199.txt
2018-08-05 14:20:03.641: _get_roots end
2018-08-05 14:20:03.643: _get_roots(4)
2018-08-05 14:20:03.743:   Determinant calculated
2018-08-05 14:20:21.564:   Roots calculated
2018-08-05 14:20:21.573:   Roots saved to: results/pyrazine/mpmath_100/(0,1200,None)/mcsmatfit/roots/default/Npts=4_S=0_E=1197.txt
2018-08-05 14:20:21.582: _get_roots end
2018-08-05 14:20:21.584: _get_roots(6)
2018-08-05 14:20:21.745:   Determinant calculated
2018-08-05 14:20:42.339:   Roots calculated
2018-08-05 14:20:42.350:   Roots saved to: results/pyrazine/mpmath_100/(0,1200,None)/mcsmatfit/roots/default/Npts=6_S=0_E=1195.txt
2018-08-05 14:20:42.359: _get_roots end
2018-08-05 14:20:42.361: _get_roots(8)
2018-08-05 14:20:42.577:   Determinant calculated
2018-08-05 14:21:02.483:   Roots calculated
2018-08-05 14:21:02.492:   Roots saved to: results/pyrazine/mpmath_100/(0,1200,None)/mcsmatfit/roots/default/Npts=8_S=0_E=1197.txt
2018-08-05 14:21:02.502: _get_roots end
2018-08-05 14:21:02.504: _get_roots(10)
2018-08-05 14:21:02.816:   Determinant calculated
2018-08-05 14:21:54.891:   Roots calculated
2018-08-05 14:21:54.901:   Roots saved to: results/pyrazine/mpmath_100/(0,1200,None)/mcsmatfit/roots/default/Npts=10_S=0_E=1197.txt
2018-08-05 14:21:54.911: _get_roots end
2018-08-05 14:21:54.913: _get_roots(12)
2018-08-05 14:21:55.383:   Determinant calculated
2018-08-05 14:22:41.550:   Roots calculated
2018-08-05 14:22:41.562:   Roots saved to: results/pyrazine/mpmath_100/(0,1200,None)/mcsmatfit/roots/default/Npts=12_S=0_E=1199.txt
2018-08-05 14:22:41.572: _get_roots end
2018-08-05 14:22:41.574: _get_roots(14)
2018-08-05 14:22:42.071:   Determinant calculated
2018-08-05 14:23:12.986:   Roots calculated
2018-08-05 14:23:13.002:   Roots saved to: results/pyrazine/mpmath_100/(0,1200,None)/mcsmatfit/roots/default/Npts=14_S=0_E=1196.txt
2018-08-05 14:23:13.012: _get_roots end
2018-08-05 14:23:13.014: _get_roots(16)
2018-08-05 14:23:13.604:   Determinant calculated
2018-08-05 14:24:15.731:   Roots calculated
2018-08-05 14:24:15.745:   Roots saved to: results/pyrazine/mpmath_100/(0,1200,None)/mcsmatfit/roots/default/Npts=16_S=0_E=1185.txt
2018-08-05 14:24:15.755: _get_roots end
2018-08-05 14:24:15.758: _get_roots(18)
2018-08-05 14:24:16.469:   Determinant calculated
2018-08-05 14:25:18.660:   Roots calculated
2018-08-05 14:25:18.674:   Roots saved to: results/pyrazine/mpmath_100/(0,1200,None)/mcsmatfit/roots/default/Npts=18_S=0_E=1190.txt
2018-08-05 14:25:18.684: _get_roots end
2018-08-05 14:25:18.687: _get_roots(20)
2018-08-05 14:25:19.531:   Determinant calculated
2018-08-05 14:26:14.714:   Roots calculated
2018-08-05 14:26:14.729:   Roots saved to: results/pyrazine/mpmath_100/(0,1200,None)/mcsmatfit/roots/default/Npts=20_S=0_E=1197.txt
2018-08-05 14:26:14.740: _get_roots end
2018-08-05 14:26:14.743: _get_roots(22)
2018-08-05 14:26:15.716:   Determinant calculated
2018-08-05 14:29:51.889:   Roots calculated
2018-08-05 14:29:51.905:   Roots saved to: results/pyrazine/mpmath_100/(0,1200,None)/mcsmatfit/roots/default/Npts=22_S=0_E=1197.txt
2018-08-05 14:29:51.916: _get_roots end
2018-08-05 14:29:51.919: _get_roots(24)
2018-08-05 14:29:53.038:   Determinant calculated
2018-08-05 14:35:23.771:   Roots calculated
2018-08-05 14:35:23.788:   Roots saved to: results/pyrazine/mpmath_100/(0,1200,None)/mcsmatfit/roots/default/Npts=24_S=0_E=1196.txt
2018-08-05 14:35:23.800: _get_roots end
2018-08-05 14:35:23.802: _get_roots(26)
2018-08-05 14:35:25.069:   Determinant calculated
2018-08-05 14:39:37.796:   Roots calculated
2018-08-05 14:39:37.812:   Roots saved to: results/pyrazine/mpmath_100/(0,1200,None)/mcsmatfit/roots/default/Npts=26_S=0_E=1175.txt
2018-08-05 14:39:37.823: _get_roots end
2018-08-05 14:39:37.825: _get_roots(28)
2018-08-05 14:39:39.357:   Determinant calculated
2018-08-05 14:42:31.829:   Roots calculated
2018-08-05 14:42:31.846:   Roots saved to: results/pyrazine/mpmath_100/(0,1200,None)/mcsmatfit/roots/default/Npts=28_S=0_E=1188.txt
2018-08-05 14:42:31.858: _get_roots end
2018-08-05 14:42:31.860: _get_roots(30)
2018-08-05 14:42:33.469:   Determinant calculated
2018-08-05 14:47:44.678:   Roots calculated
2018-08-05 14:47:44.697:   Roots saved to: results/pyrazine/mpmath_100/(0,1200,None)/mcsmatfit/roots/default/Npts=30_S=0_E=1189.txt
2018-08-05 14:47:44.709: _get_roots end
2018-08-05 14:47:44.712: _get_roots(32)
2018-08-05 14:47:46.507:   Determinant calculated
2018-08-05 14:52:10.636:   Roots calculated
2018-08-05 14:52:10.656:   Roots saved to: results/pyrazine/mpmath_100/(0,1200,None)/mcsmatfit/roots/default/Npts=32_S=0_E=1178.txt
2018-08-05 14:52:10.668: _get_roots end
2018-08-05 14:52:10.671: _get_roots(34)
2018-08-05 14:52:12.667:   Determinant calculated
2018-08-05 14:55:14.738:   Roots calculated
2018-08-05 14:55:14.758:   Roots saved to: results/pyrazine/mpmath_100/(0,1200,None)/mcsmatfit/roots/default/Npts=34_S=0_E=1188.txt
2018-08-05 14:55:14.771: _get_roots end
2018-08-05 14:55:14.774: _get_roots(36)
2018-08-05 14:55:17.067:   Determinant calculated
2018-08-05 15:05:28.058:   Roots calculated
2018-08-05 15:05:28.078:   Roots saved to: results/pyrazine/mpmath_100/(0,1200,None)/mcsmatfit/roots/default/Npts=36_S=0_E=1190.txt
2018-08-05 15:05:28.092: _get_roots end
2018-08-05 15:05:28.094: _get_roots(38)
2018-08-05 15:05:30.609:   Determinant calculated
2018-08-05 15:08:49.041:   Roots calculated
2018-08-05 15:08:49.065:   Roots saved to: results/pyrazine/mpmath_100/(0,1200,None)/mcsmatfit/roots/default/Npts=38_S=0_E=1184.txt
2018-08-05 15:08:49.078: _get_roots end
2018-08-05 15:08:49.081: _get_roots(40)
2018-08-05 15:08:51.829:   Determinant calculated
2018-08-05 15:17:57.434:   Roots calculated
2018-08-05 15:17:57.461:   Roots saved to: results/pyrazine/mpmath_100/(0,1200,None)/mcsmatfit/roots/default/Npts=40_S=0_E=1170.txt
2018-08-05 15:17:57.475: _get_roots end
2018-08-05 15:17:57.478: find_Fin_roots end
2018-08-05 15:17:57.494:   Using parameters: {'root_filt': {'atol': 0.0, 'point': 0.0}, 'stelempy': {'end_rtol': None, 'amalg_rtol': 0.0001, 'ztol': '1e-7', 'start_rtol': 0.0001, 'cfsteps': 3}}
2018-08-05 15:21:09.756:   Convergence groups calculated
2018-08-05 15:21:09.785:   Poles saved to: results/pyrazine/mpmath_100/(0,1200,None)/mcsmatfit/poles/default/[2,4,6,8,10,12,14,16,18,20,22,24,26,28,30,32,34,36,38,40]/dks/dk1e-04.txt
2018-08-05 15:21:09.801:   Poles saved to: results/pyrazine/mpmath_100/(0,1200,None)/mcsmatfit/poles/default/[2,4,6,8,10,12,14,16,18,20,22,24,26,28,30,32,34,36,38,40]/dks/dk1e-05.txt
2018-08-05 15:21:09.811:   Poles saved to: results/pyrazine/mpmath_100/(0,1200,None)/mcsmatfit/poles/default/[2,4,6,8,10,12,14,16,18,20,22,24,26,28,30,32,34,36,38,40]/dks/dk1e-06.txt
2018-08-05 15:21:09.820:   Poles saved to: results/pyrazine/mpmath_100/(0,1200,None)/mcsmatfit/poles/default/[2,4,6,8,10,12,14,16,18,20,22,24,26,28,30,32,34,36,38,40]/dks/dk1e-07.txt
2018-08-05 15:21:09.829:   Poles saved to: results/pyrazine/mpmath_100/(0,1200,None)/mcsmatfit/poles/default/[2,4,6,8,10,12,14,16,18,20,22,24,26,28,30,32,34,36,38,40]/dks/dk1e-08.txt
2018-08-05 15:21:09.837:   Poles saved to: results/pyrazine/mpmath_100/(0,1200,None)/mcsmatfit/poles/default/[2,4,6,8,10,12,14,16,18,20,22,24,26,28,30,32,34,36,38,40]/dks/dk1e-09.txt
2018-08-05 15:21:09.844:   Poles saved to: results/pyrazine/mpmath_100/(0,1200,None)/mcsmatfit/poles/default/[2,4,6,8,10,12,14,16,18,20,22,24,26,28,30,32,34,36,38,40]/dks/dk1e-10.txt
2018-08-05 15:21:09.852:   Poles saved to: results/pyrazine/mpmath_100/(0,1200,None)/mcsmatfit/poles/default/[2,4,6,8,10,12,14,16,18,20,22,24,26,28,30,32,34,36,38,40]/dks/dk1e-11.txt
2018-08-05 15:21:09.857:   Poles saved to: results/pyrazine/mpmath_100/(0,1200,None)/mcsmatfit/poles/default/[2,4,6,8,10,12,14,16,18,20,22,24,26,28,30,32,34,36,38,40]/dks/dk1e-12.txt
2018-08-05 15:21:09.870:   QIs calculated
2018-08-05 15:21:09.876:   QI data saved to: results/pyrazine/mpmath_100/(0,1200,None)/mcsmatfit/poles/default/[2,4,6,8,10,12,14,16,18,20,22,24,26,28,30,32,34,36,38,40]/QIs_k.txt
2018-08-05 15:21:09.881:   QI data saved to: results/pyrazine/mpmath_100/(0,1200,None)/mcsmatfit/poles/default/[2,4,6,8,10,12,14,16,18,20,22,24,26,28,30,32,34,36,38,40]/QIs_E.txt
2018-08-05 15:21:09.883: find_stable_Smat_poles end
